[2025-03-23T13:25:18.273+0000] {processor.py:157} INFO - Started process (PID=188) to work on /opt/airflow/dags/healthcare_claims_dag.py
[2025-03-23T13:25:18.274+0000] {processor.py:829} INFO - Processing file /opt/airflow/dags/healthcare_claims_dag.py for tasks to queue
[2025-03-23T13:25:18.276+0000] {logging_mixin.py:151} INFO - [2025-03-23T13:25:18.276+0000] {dagbag.py:539} INFO - Filling up the DagBag from /opt/airflow/dags/healthcare_claims_dag.py
[2025-03-23T13:25:19.240+0000] {processor.py:839} INFO - DAG(s) dict_keys(['healthcare_claims_pipeline']) retrieved from /opt/airflow/dags/healthcare_claims_dag.py
[2025-03-23T13:25:19.537+0000] {logging_mixin.py:151} INFO - [2025-03-23T13:25:19.537+0000] {manager.py:499} INFO - Created Permission View: %s
[2025-03-23T13:25:19.567+0000] {logging_mixin.py:151} INFO - [2025-03-23T13:25:19.567+0000] {manager.py:499} INFO - Created Permission View: %s
[2025-03-23T13:25:19.584+0000] {logging_mixin.py:151} INFO - [2025-03-23T13:25:19.583+0000] {manager.py:499} INFO - Created Permission View: %s
[2025-03-23T13:25:19.584+0000] {logging_mixin.py:151} INFO - [2025-03-23T13:25:19.584+0000] {security.py:708} INFO - Not syncing DAG-level permissions for DAG 'DAG:healthcare_claims_pipeline' as access control is unset.
[2025-03-23T13:25:19.585+0000] {logging_mixin.py:151} INFO - [2025-03-23T13:25:19.584+0000] {dag.py:2915} INFO - Sync 1 DAGs
[2025-03-23T13:25:19.599+0000] {logging_mixin.py:151} INFO - [2025-03-23T13:25:19.598+0000] {dag.py:2937} INFO - Creating ORM DAG for healthcare_claims_pipeline
[2025-03-23T13:25:19.599+0000] {logging_mixin.py:151} INFO - [2025-03-23T13:25:19.599+0000] {dag.py:3696} INFO - Setting next_dagrun for healthcare_claims_pipeline to None, run_after=None
[2025-03-23T13:25:19.637+0000] {processor.py:179} INFO - Processing /opt/airflow/dags/healthcare_claims_dag.py took 1.367 seconds
[2025-03-23T13:25:49.823+0000] {processor.py:157} INFO - Started process (PID=219) to work on /opt/airflow/dags/healthcare_claims_dag.py
[2025-03-23T13:25:49.824+0000] {processor.py:829} INFO - Processing file /opt/airflow/dags/healthcare_claims_dag.py for tasks to queue
[2025-03-23T13:25:49.827+0000] {logging_mixin.py:151} INFO - [2025-03-23T13:25:49.826+0000] {dagbag.py:539} INFO - Filling up the DagBag from /opt/airflow/dags/healthcare_claims_dag.py
[2025-03-23T13:25:51.220+0000] {processor.py:839} INFO - DAG(s) dict_keys(['healthcare_claims_pipeline']) retrieved from /opt/airflow/dags/healthcare_claims_dag.py
[2025-03-23T13:25:51.405+0000] {logging_mixin.py:151} INFO - [2025-03-23T13:25:51.404+0000] {security.py:708} INFO - Not syncing DAG-level permissions for DAG 'DAG:healthcare_claims_pipeline' as access control is unset.
[2025-03-23T13:25:51.406+0000] {logging_mixin.py:151} INFO - [2025-03-23T13:25:51.405+0000] {dag.py:2915} INFO - Sync 1 DAGs
[2025-03-23T13:25:51.425+0000] {logging_mixin.py:151} INFO - [2025-03-23T13:25:51.425+0000] {dag.py:3696} INFO - Setting next_dagrun for healthcare_claims_pipeline to None, run_after=None
[2025-03-23T13:25:51.465+0000] {processor.py:179} INFO - Processing /opt/airflow/dags/healthcare_claims_dag.py took 1.645 seconds
[2025-03-23T13:26:21.856+0000] {processor.py:157} INFO - Started process (PID=250) to work on /opt/airflow/dags/healthcare_claims_dag.py
[2025-03-23T13:26:21.876+0000] {processor.py:829} INFO - Processing file /opt/airflow/dags/healthcare_claims_dag.py for tasks to queue
[2025-03-23T13:26:21.877+0000] {logging_mixin.py:151} INFO - [2025-03-23T13:26:21.876+0000] {dagbag.py:539} INFO - Filling up the DagBag from /opt/airflow/dags/healthcare_claims_dag.py
[2025-03-23T13:26:22.351+0000] {processor.py:839} INFO - DAG(s) dict_keys(['healthcare_claims_pipeline']) retrieved from /opt/airflow/dags/healthcare_claims_dag.py
[2025-03-23T13:26:22.390+0000] {logging_mixin.py:151} INFO - [2025-03-23T13:26:22.390+0000] {dag.py:2915} INFO - Sync 1 DAGs
[2025-03-23T13:26:22.411+0000] {logging_mixin.py:151} INFO - [2025-03-23T13:26:22.410+0000] {dag.py:3696} INFO - Setting next_dagrun for healthcare_claims_pipeline to None, run_after=None
[2025-03-23T13:26:22.440+0000] {processor.py:179} INFO - Processing /opt/airflow/dags/healthcare_claims_dag.py took 0.588 seconds
[2025-03-23T13:26:52.606+0000] {processor.py:157} INFO - Started process (PID=284) to work on /opt/airflow/dags/healthcare_claims_dag.py
[2025-03-23T13:26:52.608+0000] {processor.py:829} INFO - Processing file /opt/airflow/dags/healthcare_claims_dag.py for tasks to queue
[2025-03-23T13:26:52.609+0000] {logging_mixin.py:151} INFO - [2025-03-23T13:26:52.609+0000] {dagbag.py:539} INFO - Filling up the DagBag from /opt/airflow/dags/healthcare_claims_dag.py
[2025-03-23T13:26:52.903+0000] {processor.py:839} INFO - DAG(s) dict_keys(['healthcare_claims_pipeline']) retrieved from /opt/airflow/dags/healthcare_claims_dag.py
[2025-03-23T13:26:52.934+0000] {logging_mixin.py:151} INFO - [2025-03-23T13:26:52.933+0000] {dag.py:2915} INFO - Sync 1 DAGs
[2025-03-23T13:26:52.946+0000] {logging_mixin.py:151} INFO - [2025-03-23T13:26:52.945+0000] {dag.py:3696} INFO - Setting next_dagrun for healthcare_claims_pipeline to None, run_after=None
[2025-03-23T13:26:52.972+0000] {processor.py:179} INFO - Processing /opt/airflow/dags/healthcare_claims_dag.py took 0.369 seconds
[2025-03-23T13:27:23.136+0000] {processor.py:157} INFO - Started process (PID=306) to work on /opt/airflow/dags/healthcare_claims_dag.py
[2025-03-23T13:27:23.137+0000] {processor.py:829} INFO - Processing file /opt/airflow/dags/healthcare_claims_dag.py for tasks to queue
[2025-03-23T13:27:23.138+0000] {logging_mixin.py:151} INFO - [2025-03-23T13:27:23.138+0000] {dagbag.py:539} INFO - Filling up the DagBag from /opt/airflow/dags/healthcare_claims_dag.py
[2025-03-23T13:27:23.439+0000] {processor.py:839} INFO - DAG(s) dict_keys(['healthcare_claims_pipeline']) retrieved from /opt/airflow/dags/healthcare_claims_dag.py
[2025-03-23T13:27:23.470+0000] {logging_mixin.py:151} INFO - [2025-03-23T13:27:23.470+0000] {dag.py:2915} INFO - Sync 1 DAGs
[2025-03-23T13:27:23.482+0000] {logging_mixin.py:151} INFO - [2025-03-23T13:27:23.482+0000] {dag.py:3696} INFO - Setting next_dagrun for healthcare_claims_pipeline to None, run_after=None
[2025-03-23T13:27:23.507+0000] {processor.py:179} INFO - Processing /opt/airflow/dags/healthcare_claims_dag.py took 0.374 seconds
[2025-03-23T13:27:53.691+0000] {processor.py:157} INFO - Started process (PID=336) to work on /opt/airflow/dags/healthcare_claims_dag.py
[2025-03-23T13:27:53.692+0000] {processor.py:829} INFO - Processing file /opt/airflow/dags/healthcare_claims_dag.py for tasks to queue
[2025-03-23T13:27:53.693+0000] {logging_mixin.py:151} INFO - [2025-03-23T13:27:53.693+0000] {dagbag.py:539} INFO - Filling up the DagBag from /opt/airflow/dags/healthcare_claims_dag.py
[2025-03-23T13:27:54.027+0000] {processor.py:839} INFO - DAG(s) dict_keys(['healthcare_claims_pipeline']) retrieved from /opt/airflow/dags/healthcare_claims_dag.py
[2025-03-23T13:27:54.060+0000] {logging_mixin.py:151} INFO - [2025-03-23T13:27:54.060+0000] {dag.py:2915} INFO - Sync 1 DAGs
[2025-03-23T13:27:54.075+0000] {logging_mixin.py:151} INFO - [2025-03-23T13:27:54.075+0000] {dag.py:3696} INFO - Setting next_dagrun for healthcare_claims_pipeline to None, run_after=None
[2025-03-23T13:27:54.106+0000] {processor.py:179} INFO - Processing /opt/airflow/dags/healthcare_claims_dag.py took 0.418 seconds
[2025-03-23T13:28:24.282+0000] {processor.py:157} INFO - Started process (PID=358) to work on /opt/airflow/dags/healthcare_claims_dag.py
[2025-03-23T13:28:24.283+0000] {processor.py:829} INFO - Processing file /opt/airflow/dags/healthcare_claims_dag.py for tasks to queue
[2025-03-23T13:28:24.285+0000] {logging_mixin.py:151} INFO - [2025-03-23T13:28:24.284+0000] {dagbag.py:539} INFO - Filling up the DagBag from /opt/airflow/dags/healthcare_claims_dag.py
[2025-03-23T13:28:24.559+0000] {processor.py:839} INFO - DAG(s) dict_keys(['healthcare_claims_pipeline']) retrieved from /opt/airflow/dags/healthcare_claims_dag.py
[2025-03-23T13:28:24.588+0000] {logging_mixin.py:151} INFO - [2025-03-23T13:28:24.587+0000] {dag.py:2915} INFO - Sync 1 DAGs
[2025-03-23T13:28:24.600+0000] {logging_mixin.py:151} INFO - [2025-03-23T13:28:24.599+0000] {dag.py:3696} INFO - Setting next_dagrun for healthcare_claims_pipeline to None, run_after=None
[2025-03-23T13:28:24.625+0000] {processor.py:179} INFO - Processing /opt/airflow/dags/healthcare_claims_dag.py took 0.346 seconds
[2025-03-23T13:28:54.799+0000] {processor.py:157} INFO - Started process (PID=388) to work on /opt/airflow/dags/healthcare_claims_dag.py
[2025-03-23T13:28:54.800+0000] {processor.py:829} INFO - Processing file /opt/airflow/dags/healthcare_claims_dag.py for tasks to queue
[2025-03-23T13:28:54.800+0000] {logging_mixin.py:151} INFO - [2025-03-23T13:28:54.800+0000] {dagbag.py:539} INFO - Filling up the DagBag from /opt/airflow/dags/healthcare_claims_dag.py
[2025-03-23T13:28:55.079+0000] {processor.py:839} INFO - DAG(s) dict_keys(['healthcare_claims_pipeline']) retrieved from /opt/airflow/dags/healthcare_claims_dag.py
[2025-03-23T13:28:55.107+0000] {logging_mixin.py:151} INFO - [2025-03-23T13:28:55.106+0000] {dag.py:2915} INFO - Sync 1 DAGs
[2025-03-23T13:28:55.118+0000] {logging_mixin.py:151} INFO - [2025-03-23T13:28:55.118+0000] {dag.py:3696} INFO - Setting next_dagrun for healthcare_claims_pipeline to None, run_after=None
[2025-03-23T13:28:55.144+0000] {processor.py:179} INFO - Processing /opt/airflow/dags/healthcare_claims_dag.py took 0.349 seconds
[2025-03-23T13:29:25.321+0000] {processor.py:157} INFO - Started process (PID=417) to work on /opt/airflow/dags/healthcare_claims_dag.py
[2025-03-23T13:29:25.322+0000] {processor.py:829} INFO - Processing file /opt/airflow/dags/healthcare_claims_dag.py for tasks to queue
[2025-03-23T13:29:25.323+0000] {logging_mixin.py:151} INFO - [2025-03-23T13:29:25.323+0000] {dagbag.py:539} INFO - Filling up the DagBag from /opt/airflow/dags/healthcare_claims_dag.py
[2025-03-23T13:29:25.773+0000] {processor.py:839} INFO - DAG(s) dict_keys(['healthcare_claims_pipeline']) retrieved from /opt/airflow/dags/healthcare_claims_dag.py
[2025-03-23T13:29:25.843+0000] {logging_mixin.py:151} INFO - [2025-03-23T13:29:25.842+0000] {dag.py:2915} INFO - Sync 1 DAGs
[2025-03-23T13:29:25.859+0000] {logging_mixin.py:151} INFO - [2025-03-23T13:29:25.859+0000] {dag.py:3696} INFO - Setting next_dagrun for healthcare_claims_pipeline to None, run_after=None
[2025-03-23T13:29:25.908+0000] {processor.py:179} INFO - Processing /opt/airflow/dags/healthcare_claims_dag.py took 0.590 seconds
[2025-03-23T13:29:56.086+0000] {processor.py:157} INFO - Started process (PID=465) to work on /opt/airflow/dags/healthcare_claims_dag.py
[2025-03-23T13:29:56.090+0000] {processor.py:829} INFO - Processing file /opt/airflow/dags/healthcare_claims_dag.py for tasks to queue
[2025-03-23T13:29:56.092+0000] {logging_mixin.py:151} INFO - [2025-03-23T13:29:56.091+0000] {dagbag.py:539} INFO - Filling up the DagBag from /opt/airflow/dags/healthcare_claims_dag.py
[2025-03-23T13:29:56.398+0000] {processor.py:839} INFO - DAG(s) dict_keys(['healthcare_claims_pipeline']) retrieved from /opt/airflow/dags/healthcare_claims_dag.py
[2025-03-23T13:29:56.425+0000] {logging_mixin.py:151} INFO - [2025-03-23T13:29:56.424+0000] {dag.py:2915} INFO - Sync 1 DAGs
[2025-03-23T13:29:56.436+0000] {logging_mixin.py:151} INFO - [2025-03-23T13:29:56.435+0000] {dag.py:3696} INFO - Setting next_dagrun for healthcare_claims_pipeline to None, run_after=None
[2025-03-23T13:29:56.462+0000] {processor.py:179} INFO - Processing /opt/airflow/dags/healthcare_claims_dag.py took 0.379 seconds
[2025-03-23T13:30:26.641+0000] {processor.py:157} INFO - Started process (PID=487) to work on /opt/airflow/dags/healthcare_claims_dag.py
[2025-03-23T13:30:26.642+0000] {processor.py:829} INFO - Processing file /opt/airflow/dags/healthcare_claims_dag.py for tasks to queue
[2025-03-23T13:30:26.643+0000] {logging_mixin.py:151} INFO - [2025-03-23T13:30:26.643+0000] {dagbag.py:539} INFO - Filling up the DagBag from /opt/airflow/dags/healthcare_claims_dag.py
[2025-03-23T13:30:26.951+0000] {processor.py:839} INFO - DAG(s) dict_keys(['healthcare_claims_pipeline']) retrieved from /opt/airflow/dags/healthcare_claims_dag.py
[2025-03-23T13:30:26.980+0000] {logging_mixin.py:151} INFO - [2025-03-23T13:30:26.979+0000] {dag.py:2915} INFO - Sync 1 DAGs
[2025-03-23T13:30:26.994+0000] {logging_mixin.py:151} INFO - [2025-03-23T13:30:26.993+0000] {dag.py:3696} INFO - Setting next_dagrun for healthcare_claims_pipeline to None, run_after=None
[2025-03-23T13:30:27.023+0000] {processor.py:179} INFO - Processing /opt/airflow/dags/healthcare_claims_dag.py took 0.384 seconds
[2025-03-23T13:30:57.199+0000] {processor.py:157} INFO - Started process (PID=517) to work on /opt/airflow/dags/healthcare_claims_dag.py
[2025-03-23T13:30:57.200+0000] {processor.py:829} INFO - Processing file /opt/airflow/dags/healthcare_claims_dag.py for tasks to queue
[2025-03-23T13:30:57.201+0000] {logging_mixin.py:151} INFO - [2025-03-23T13:30:57.201+0000] {dagbag.py:539} INFO - Filling up the DagBag from /opt/airflow/dags/healthcare_claims_dag.py
[2025-03-23T13:30:57.483+0000] {processor.py:839} INFO - DAG(s) dict_keys(['healthcare_claims_pipeline']) retrieved from /opt/airflow/dags/healthcare_claims_dag.py
[2025-03-23T13:30:57.510+0000] {logging_mixin.py:151} INFO - [2025-03-23T13:30:57.510+0000] {dag.py:2915} INFO - Sync 1 DAGs
[2025-03-23T13:30:57.522+0000] {logging_mixin.py:151} INFO - [2025-03-23T13:30:57.522+0000] {dag.py:3696} INFO - Setting next_dagrun for healthcare_claims_pipeline to None, run_after=None
[2025-03-23T13:30:57.547+0000] {processor.py:179} INFO - Processing /opt/airflow/dags/healthcare_claims_dag.py took 0.351 seconds
[2025-03-23T13:31:27.722+0000] {processor.py:157} INFO - Started process (PID=553) to work on /opt/airflow/dags/healthcare_claims_dag.py
[2025-03-23T13:31:27.724+0000] {processor.py:829} INFO - Processing file /opt/airflow/dags/healthcare_claims_dag.py for tasks to queue
[2025-03-23T13:31:27.725+0000] {logging_mixin.py:151} INFO - [2025-03-23T13:31:27.725+0000] {dagbag.py:539} INFO - Filling up the DagBag from /opt/airflow/dags/healthcare_claims_dag.py
[2025-03-23T13:31:28.148+0000] {processor.py:839} INFO - DAG(s) dict_keys(['healthcare_claims_pipeline']) retrieved from /opt/airflow/dags/healthcare_claims_dag.py
[2025-03-23T13:31:28.182+0000] {logging_mixin.py:151} INFO - [2025-03-23T13:31:28.181+0000] {dag.py:2915} INFO - Sync 1 DAGs
[2025-03-23T13:31:28.209+0000] {logging_mixin.py:151} INFO - [2025-03-23T13:31:28.208+0000] {dag.py:3696} INFO - Setting next_dagrun for healthcare_claims_pipeline to None, run_after=None
[2025-03-23T13:31:28.240+0000] {processor.py:179} INFO - Processing /opt/airflow/dags/healthcare_claims_dag.py took 0.521 seconds
[2025-03-23T13:31:58.408+0000] {processor.py:157} INFO - Started process (PID=608) to work on /opt/airflow/dags/healthcare_claims_dag.py
[2025-03-23T13:31:58.409+0000] {processor.py:829} INFO - Processing file /opt/airflow/dags/healthcare_claims_dag.py for tasks to queue
[2025-03-23T13:31:58.410+0000] {logging_mixin.py:151} INFO - [2025-03-23T13:31:58.410+0000] {dagbag.py:539} INFO - Filling up the DagBag from /opt/airflow/dags/healthcare_claims_dag.py
[2025-03-23T13:31:58.737+0000] {processor.py:839} INFO - DAG(s) dict_keys(['healthcare_claims_pipeline']) retrieved from /opt/airflow/dags/healthcare_claims_dag.py
[2025-03-23T13:31:58.765+0000] {logging_mixin.py:151} INFO - [2025-03-23T13:31:58.764+0000] {dag.py:2915} INFO - Sync 1 DAGs
[2025-03-23T13:31:58.777+0000] {logging_mixin.py:151} INFO - [2025-03-23T13:31:58.777+0000] {dag.py:3696} INFO - Setting next_dagrun for healthcare_claims_pipeline to None, run_after=None
[2025-03-23T13:31:58.805+0000] {processor.py:179} INFO - Processing /opt/airflow/dags/healthcare_claims_dag.py took 0.401 seconds
[2025-03-23T13:32:28.987+0000] {processor.py:157} INFO - Started process (PID=639) to work on /opt/airflow/dags/healthcare_claims_dag.py
[2025-03-23T13:32:28.989+0000] {processor.py:829} INFO - Processing file /opt/airflow/dags/healthcare_claims_dag.py for tasks to queue
[2025-03-23T13:32:28.990+0000] {logging_mixin.py:151} INFO - [2025-03-23T13:32:28.990+0000] {dagbag.py:539} INFO - Filling up the DagBag from /opt/airflow/dags/healthcare_claims_dag.py
[2025-03-23T13:32:29.360+0000] {processor.py:839} INFO - DAG(s) dict_keys(['healthcare_claims_pipeline']) retrieved from /opt/airflow/dags/healthcare_claims_dag.py
[2025-03-23T13:32:29.404+0000] {logging_mixin.py:151} INFO - [2025-03-23T13:32:29.404+0000] {dag.py:2915} INFO - Sync 1 DAGs
[2025-03-23T13:32:29.422+0000] {logging_mixin.py:151} INFO - [2025-03-23T13:32:29.422+0000] {dag.py:3696} INFO - Setting next_dagrun for healthcare_claims_pipeline to None, run_after=None
[2025-03-23T13:32:29.454+0000] {processor.py:179} INFO - Processing /opt/airflow/dags/healthcare_claims_dag.py took 0.476 seconds
[2025-03-23T13:32:59.656+0000] {processor.py:157} INFO - Started process (PID=662) to work on /opt/airflow/dags/healthcare_claims_dag.py
[2025-03-23T13:32:59.657+0000] {processor.py:829} INFO - Processing file /opt/airflow/dags/healthcare_claims_dag.py for tasks to queue
[2025-03-23T13:32:59.658+0000] {logging_mixin.py:151} INFO - [2025-03-23T13:32:59.658+0000] {dagbag.py:539} INFO - Filling up the DagBag from /opt/airflow/dags/healthcare_claims_dag.py
[2025-03-23T13:33:00.136+0000] {processor.py:839} INFO - DAG(s) dict_keys(['healthcare_claims_pipeline']) retrieved from /opt/airflow/dags/healthcare_claims_dag.py
[2025-03-23T13:33:00.165+0000] {logging_mixin.py:151} INFO - [2025-03-23T13:33:00.164+0000] {dag.py:2915} INFO - Sync 1 DAGs
[2025-03-23T13:33:00.180+0000] {logging_mixin.py:151} INFO - [2025-03-23T13:33:00.180+0000] {dag.py:3696} INFO - Setting next_dagrun for healthcare_claims_pipeline to None, run_after=None
[2025-03-23T13:33:00.205+0000] {processor.py:179} INFO - Processing /opt/airflow/dags/healthcare_claims_dag.py took 0.552 seconds
[2025-03-23T13:33:30.309+0000] {processor.py:157} INFO - Started process (PID=692) to work on /opt/airflow/dags/healthcare_claims_dag.py
[2025-03-23T13:33:30.311+0000] {processor.py:829} INFO - Processing file /opt/airflow/dags/healthcare_claims_dag.py for tasks to queue
[2025-03-23T13:33:30.312+0000] {logging_mixin.py:151} INFO - [2025-03-23T13:33:30.312+0000] {dagbag.py:539} INFO - Filling up the DagBag from /opt/airflow/dags/healthcare_claims_dag.py
[2025-03-23T13:33:30.642+0000] {processor.py:839} INFO - DAG(s) dict_keys(['healthcare_claims_pipeline']) retrieved from /opt/airflow/dags/healthcare_claims_dag.py
[2025-03-23T13:33:30.683+0000] {logging_mixin.py:151} INFO - [2025-03-23T13:33:30.683+0000] {dag.py:2915} INFO - Sync 1 DAGs
[2025-03-23T13:33:30.695+0000] {logging_mixin.py:151} INFO - [2025-03-23T13:33:30.695+0000] {dag.py:3696} INFO - Setting next_dagrun for healthcare_claims_pipeline to None, run_after=None
[2025-03-23T13:33:30.725+0000] {processor.py:179} INFO - Processing /opt/airflow/dags/healthcare_claims_dag.py took 0.418 seconds
[2025-03-23T13:34:00.895+0000] {processor.py:157} INFO - Started process (PID=715) to work on /opt/airflow/dags/healthcare_claims_dag.py
[2025-03-23T13:34:00.896+0000] {processor.py:829} INFO - Processing file /opt/airflow/dags/healthcare_claims_dag.py for tasks to queue
[2025-03-23T13:34:00.898+0000] {logging_mixin.py:151} INFO - [2025-03-23T13:34:00.897+0000] {dagbag.py:539} INFO - Filling up the DagBag from /opt/airflow/dags/healthcare_claims_dag.py
[2025-03-23T13:34:01.219+0000] {processor.py:839} INFO - DAG(s) dict_keys(['healthcare_claims_pipeline']) retrieved from /opt/airflow/dags/healthcare_claims_dag.py
[2025-03-23T13:34:01.250+0000] {logging_mixin.py:151} INFO - [2025-03-23T13:34:01.250+0000] {dag.py:2915} INFO - Sync 1 DAGs
[2025-03-23T13:34:01.262+0000] {logging_mixin.py:151} INFO - [2025-03-23T13:34:01.262+0000] {dag.py:3696} INFO - Setting next_dagrun for healthcare_claims_pipeline to None, run_after=None
[2025-03-23T13:34:01.286+0000] {processor.py:179} INFO - Processing /opt/airflow/dags/healthcare_claims_dag.py took 0.394 seconds
[2025-03-23T13:34:31.451+0000] {processor.py:157} INFO - Started process (PID=745) to work on /opt/airflow/dags/healthcare_claims_dag.py
[2025-03-23T13:34:31.452+0000] {processor.py:829} INFO - Processing file /opt/airflow/dags/healthcare_claims_dag.py for tasks to queue
[2025-03-23T13:34:31.453+0000] {logging_mixin.py:151} INFO - [2025-03-23T13:34:31.453+0000] {dagbag.py:539} INFO - Filling up the DagBag from /opt/airflow/dags/healthcare_claims_dag.py
[2025-03-23T13:34:31.792+0000] {processor.py:839} INFO - DAG(s) dict_keys(['healthcare_claims_pipeline']) retrieved from /opt/airflow/dags/healthcare_claims_dag.py
[2025-03-23T13:34:31.838+0000] {logging_mixin.py:151} INFO - [2025-03-23T13:34:31.837+0000] {dag.py:2915} INFO - Sync 1 DAGs
[2025-03-23T13:34:31.860+0000] {logging_mixin.py:151} INFO - [2025-03-23T13:34:31.860+0000] {dag.py:3696} INFO - Setting next_dagrun for healthcare_claims_pipeline to None, run_after=None
[2025-03-23T13:34:31.893+0000] {processor.py:179} INFO - Processing /opt/airflow/dags/healthcare_claims_dag.py took 0.445 seconds
[2025-03-23T13:35:02.074+0000] {processor.py:157} INFO - Started process (PID=767) to work on /opt/airflow/dags/healthcare_claims_dag.py
[2025-03-23T13:35:02.076+0000] {processor.py:829} INFO - Processing file /opt/airflow/dags/healthcare_claims_dag.py for tasks to queue
[2025-03-23T13:35:02.077+0000] {logging_mixin.py:151} INFO - [2025-03-23T13:35:02.077+0000] {dagbag.py:539} INFO - Filling up the DagBag from /opt/airflow/dags/healthcare_claims_dag.py
[2025-03-23T13:35:02.412+0000] {processor.py:839} INFO - DAG(s) dict_keys(['healthcare_claims_pipeline']) retrieved from /opt/airflow/dags/healthcare_claims_dag.py
[2025-03-23T13:35:02.442+0000] {logging_mixin.py:151} INFO - [2025-03-23T13:35:02.442+0000] {dag.py:2915} INFO - Sync 1 DAGs
[2025-03-23T13:35:02.457+0000] {logging_mixin.py:151} INFO - [2025-03-23T13:35:02.457+0000] {dag.py:3696} INFO - Setting next_dagrun for healthcare_claims_pipeline to None, run_after=None
[2025-03-23T13:35:02.484+0000] {processor.py:179} INFO - Processing /opt/airflow/dags/healthcare_claims_dag.py took 0.413 seconds
[2025-03-23T13:35:32.664+0000] {processor.py:157} INFO - Started process (PID=797) to work on /opt/airflow/dags/healthcare_claims_dag.py
[2025-03-23T13:35:32.664+0000] {processor.py:829} INFO - Processing file /opt/airflow/dags/healthcare_claims_dag.py for tasks to queue
[2025-03-23T13:35:32.665+0000] {logging_mixin.py:151} INFO - [2025-03-23T13:35:32.665+0000] {dagbag.py:539} INFO - Filling up the DagBag from /opt/airflow/dags/healthcare_claims_dag.py
[2025-03-23T13:35:32.960+0000] {processor.py:839} INFO - DAG(s) dict_keys(['healthcare_claims_pipeline']) retrieved from /opt/airflow/dags/healthcare_claims_dag.py
[2025-03-23T13:35:32.991+0000] {logging_mixin.py:151} INFO - [2025-03-23T13:35:32.990+0000] {dag.py:2915} INFO - Sync 1 DAGs
[2025-03-23T13:35:33.005+0000] {logging_mixin.py:151} INFO - [2025-03-23T13:35:33.004+0000] {dag.py:3696} INFO - Setting next_dagrun for healthcare_claims_pipeline to None, run_after=None
[2025-03-23T13:35:33.033+0000] {processor.py:179} INFO - Processing /opt/airflow/dags/healthcare_claims_dag.py took 0.373 seconds
[2025-03-23T13:36:03.199+0000] {processor.py:157} INFO - Started process (PID=820) to work on /opt/airflow/dags/healthcare_claims_dag.py
[2025-03-23T13:36:03.201+0000] {processor.py:829} INFO - Processing file /opt/airflow/dags/healthcare_claims_dag.py for tasks to queue
[2025-03-23T13:36:03.202+0000] {logging_mixin.py:151} INFO - [2025-03-23T13:36:03.202+0000] {dagbag.py:539} INFO - Filling up the DagBag from /opt/airflow/dags/healthcare_claims_dag.py
[2025-03-23T13:36:03.510+0000] {processor.py:839} INFO - DAG(s) dict_keys(['healthcare_claims_pipeline']) retrieved from /opt/airflow/dags/healthcare_claims_dag.py
[2025-03-23T13:36:03.538+0000] {logging_mixin.py:151} INFO - [2025-03-23T13:36:03.537+0000] {dag.py:2915} INFO - Sync 1 DAGs
[2025-03-23T13:36:03.550+0000] {logging_mixin.py:151} INFO - [2025-03-23T13:36:03.550+0000] {dag.py:3696} INFO - Setting next_dagrun for healthcare_claims_pipeline to None, run_after=None
[2025-03-23T13:36:03.575+0000] {processor.py:179} INFO - Processing /opt/airflow/dags/healthcare_claims_dag.py took 0.378 seconds
[2025-03-23T13:36:33.747+0000] {processor.py:157} INFO - Started process (PID=850) to work on /opt/airflow/dags/healthcare_claims_dag.py
[2025-03-23T13:36:33.749+0000] {processor.py:829} INFO - Processing file /opt/airflow/dags/healthcare_claims_dag.py for tasks to queue
[2025-03-23T13:36:33.750+0000] {logging_mixin.py:151} INFO - [2025-03-23T13:36:33.749+0000] {dagbag.py:539} INFO - Filling up the DagBag from /opt/airflow/dags/healthcare_claims_dag.py
[2025-03-23T13:36:34.110+0000] {processor.py:839} INFO - DAG(s) dict_keys(['healthcare_claims_pipeline']) retrieved from /opt/airflow/dags/healthcare_claims_dag.py
[2025-03-23T13:36:34.141+0000] {logging_mixin.py:151} INFO - [2025-03-23T13:36:34.140+0000] {dag.py:2915} INFO - Sync 1 DAGs
[2025-03-23T13:36:34.156+0000] {logging_mixin.py:151} INFO - [2025-03-23T13:36:34.156+0000] {dag.py:3696} INFO - Setting next_dagrun for healthcare_claims_pipeline to None, run_after=None
[2025-03-23T13:36:34.181+0000] {processor.py:179} INFO - Processing /opt/airflow/dags/healthcare_claims_dag.py took 0.438 seconds
[2025-03-23T13:37:04.359+0000] {processor.py:157} INFO - Started process (PID=872) to work on /opt/airflow/dags/healthcare_claims_dag.py
[2025-03-23T13:37:04.360+0000] {processor.py:829} INFO - Processing file /opt/airflow/dags/healthcare_claims_dag.py for tasks to queue
[2025-03-23T13:37:04.362+0000] {logging_mixin.py:151} INFO - [2025-03-23T13:37:04.361+0000] {dagbag.py:539} INFO - Filling up the DagBag from /opt/airflow/dags/healthcare_claims_dag.py
[2025-03-23T13:37:04.676+0000] {processor.py:839} INFO - DAG(s) dict_keys(['healthcare_claims_pipeline']) retrieved from /opt/airflow/dags/healthcare_claims_dag.py
[2025-03-23T13:37:04.710+0000] {logging_mixin.py:151} INFO - [2025-03-23T13:37:04.710+0000] {dag.py:2915} INFO - Sync 1 DAGs
[2025-03-23T13:37:04.722+0000] {logging_mixin.py:151} INFO - [2025-03-23T13:37:04.722+0000] {dag.py:3696} INFO - Setting next_dagrun for healthcare_claims_pipeline to None, run_after=None
[2025-03-23T13:37:04.751+0000] {processor.py:179} INFO - Processing /opt/airflow/dags/healthcare_claims_dag.py took 0.395 seconds
[2025-03-23T13:37:34.926+0000] {processor.py:157} INFO - Started process (PID=903) to work on /opt/airflow/dags/healthcare_claims_dag.py
[2025-03-23T13:37:34.927+0000] {processor.py:829} INFO - Processing file /opt/airflow/dags/healthcare_claims_dag.py for tasks to queue
[2025-03-23T13:37:34.928+0000] {logging_mixin.py:151} INFO - [2025-03-23T13:37:34.928+0000] {dagbag.py:539} INFO - Filling up the DagBag from /opt/airflow/dags/healthcare_claims_dag.py
[2025-03-23T13:37:35.275+0000] {processor.py:839} INFO - DAG(s) dict_keys(['healthcare_claims_pipeline']) retrieved from /opt/airflow/dags/healthcare_claims_dag.py
[2025-03-23T13:37:35.308+0000] {logging_mixin.py:151} INFO - [2025-03-23T13:37:35.307+0000] {dag.py:2915} INFO - Sync 1 DAGs
[2025-03-23T13:37:35.324+0000] {logging_mixin.py:151} INFO - [2025-03-23T13:37:35.324+0000] {dag.py:3696} INFO - Setting next_dagrun for healthcare_claims_pipeline to None, run_after=None
[2025-03-23T13:37:35.350+0000] {processor.py:179} INFO - Processing /opt/airflow/dags/healthcare_claims_dag.py took 0.427 seconds
[2025-03-23T13:38:05.520+0000] {processor.py:157} INFO - Started process (PID=934) to work on /opt/airflow/dags/healthcare_claims_dag.py
[2025-03-23T13:38:05.521+0000] {processor.py:829} INFO - Processing file /opt/airflow/dags/healthcare_claims_dag.py for tasks to queue
[2025-03-23T13:38:05.521+0000] {logging_mixin.py:151} INFO - [2025-03-23T13:38:05.521+0000] {dagbag.py:539} INFO - Filling up the DagBag from /opt/airflow/dags/healthcare_claims_dag.py
[2025-03-23T13:38:06.149+0000] {processor.py:839} INFO - DAG(s) dict_keys(['healthcare_claims_pipeline']) retrieved from /opt/airflow/dags/healthcare_claims_dag.py
[2025-03-23T13:38:06.210+0000] {logging_mixin.py:151} INFO - [2025-03-23T13:38:06.209+0000] {dag.py:2915} INFO - Sync 1 DAGs
[2025-03-23T13:38:06.221+0000] {logging_mixin.py:151} INFO - [2025-03-23T13:38:06.221+0000] {dag.py:3696} INFO - Setting next_dagrun for healthcare_claims_pipeline to None, run_after=None
[2025-03-23T13:38:06.246+0000] {processor.py:179} INFO - Processing /opt/airflow/dags/healthcare_claims_dag.py took 0.729 seconds
[2025-03-23T13:38:36.412+0000] {processor.py:157} INFO - Started process (PID=956) to work on /opt/airflow/dags/healthcare_claims_dag.py
[2025-03-23T13:38:36.414+0000] {processor.py:829} INFO - Processing file /opt/airflow/dags/healthcare_claims_dag.py for tasks to queue
[2025-03-23T13:38:36.415+0000] {logging_mixin.py:151} INFO - [2025-03-23T13:38:36.414+0000] {dagbag.py:539} INFO - Filling up the DagBag from /opt/airflow/dags/healthcare_claims_dag.py
[2025-03-23T13:38:36.818+0000] {processor.py:839} INFO - DAG(s) dict_keys(['healthcare_claims_pipeline']) retrieved from /opt/airflow/dags/healthcare_claims_dag.py
[2025-03-23T13:38:36.844+0000] {logging_mixin.py:151} INFO - [2025-03-23T13:38:36.843+0000] {dag.py:2915} INFO - Sync 1 DAGs
[2025-03-23T13:38:36.857+0000] {logging_mixin.py:151} INFO - [2025-03-23T13:38:36.857+0000] {dag.py:3696} INFO - Setting next_dagrun for healthcare_claims_pipeline to None, run_after=None
[2025-03-23T13:38:36.880+0000] {processor.py:179} INFO - Processing /opt/airflow/dags/healthcare_claims_dag.py took 0.471 seconds
[2025-03-23T13:39:07.056+0000] {processor.py:157} INFO - Started process (PID=986) to work on /opt/airflow/dags/healthcare_claims_dag.py
[2025-03-23T13:39:07.057+0000] {processor.py:829} INFO - Processing file /opt/airflow/dags/healthcare_claims_dag.py for tasks to queue
[2025-03-23T13:39:07.058+0000] {logging_mixin.py:151} INFO - [2025-03-23T13:39:07.058+0000] {dagbag.py:539} INFO - Filling up the DagBag from /opt/airflow/dags/healthcare_claims_dag.py
[2025-03-23T13:39:07.395+0000] {processor.py:839} INFO - DAG(s) dict_keys(['healthcare_claims_pipeline']) retrieved from /opt/airflow/dags/healthcare_claims_dag.py
[2025-03-23T13:39:07.420+0000] {logging_mixin.py:151} INFO - [2025-03-23T13:39:07.419+0000] {dag.py:2915} INFO - Sync 1 DAGs
[2025-03-23T13:39:07.431+0000] {logging_mixin.py:151} INFO - [2025-03-23T13:39:07.431+0000] {dag.py:3696} INFO - Setting next_dagrun for healthcare_claims_pipeline to None, run_after=None
[2025-03-23T13:39:07.456+0000] {processor.py:179} INFO - Processing /opt/airflow/dags/healthcare_claims_dag.py took 0.403 seconds
[2025-03-23T13:39:37.629+0000] {processor.py:157} INFO - Started process (PID=1009) to work on /opt/airflow/dags/healthcare_claims_dag.py
[2025-03-23T13:39:37.632+0000] {processor.py:829} INFO - Processing file /opt/airflow/dags/healthcare_claims_dag.py for tasks to queue
[2025-03-23T13:39:37.633+0000] {logging_mixin.py:151} INFO - [2025-03-23T13:39:37.632+0000] {dagbag.py:539} INFO - Filling up the DagBag from /opt/airflow/dags/healthcare_claims_dag.py
[2025-03-23T13:39:37.930+0000] {processor.py:839} INFO - DAG(s) dict_keys(['healthcare_claims_pipeline']) retrieved from /opt/airflow/dags/healthcare_claims_dag.py
[2025-03-23T13:39:37.957+0000] {logging_mixin.py:151} INFO - [2025-03-23T13:39:37.956+0000] {dag.py:2915} INFO - Sync 1 DAGs
[2025-03-23T13:39:37.970+0000] {logging_mixin.py:151} INFO - [2025-03-23T13:39:37.970+0000] {dag.py:3696} INFO - Setting next_dagrun for healthcare_claims_pipeline to None, run_after=None
[2025-03-23T13:39:37.997+0000] {processor.py:179} INFO - Processing /opt/airflow/dags/healthcare_claims_dag.py took 0.370 seconds
[2025-03-23T13:40:08.182+0000] {processor.py:157} INFO - Started process (PID=1039) to work on /opt/airflow/dags/healthcare_claims_dag.py
[2025-03-23T13:40:08.183+0000] {processor.py:829} INFO - Processing file /opt/airflow/dags/healthcare_claims_dag.py for tasks to queue
[2025-03-23T13:40:08.183+0000] {logging_mixin.py:151} INFO - [2025-03-23T13:40:08.183+0000] {dagbag.py:539} INFO - Filling up the DagBag from /opt/airflow/dags/healthcare_claims_dag.py
[2025-03-23T13:40:08.461+0000] {processor.py:839} INFO - DAG(s) dict_keys(['healthcare_claims_pipeline']) retrieved from /opt/airflow/dags/healthcare_claims_dag.py
[2025-03-23T13:40:08.489+0000] {logging_mixin.py:151} INFO - [2025-03-23T13:40:08.488+0000] {dag.py:2915} INFO - Sync 1 DAGs
[2025-03-23T13:40:08.500+0000] {logging_mixin.py:151} INFO - [2025-03-23T13:40:08.500+0000] {dag.py:3696} INFO - Setting next_dagrun for healthcare_claims_pipeline to None, run_after=None
[2025-03-23T13:40:08.528+0000] {processor.py:179} INFO - Processing /opt/airflow/dags/healthcare_claims_dag.py took 0.348 seconds
[2025-03-23T13:40:38.705+0000] {processor.py:157} INFO - Started process (PID=1061) to work on /opt/airflow/dags/healthcare_claims_dag.py
[2025-03-23T13:40:38.706+0000] {processor.py:829} INFO - Processing file /opt/airflow/dags/healthcare_claims_dag.py for tasks to queue
[2025-03-23T13:40:38.707+0000] {logging_mixin.py:151} INFO - [2025-03-23T13:40:38.707+0000] {dagbag.py:539} INFO - Filling up the DagBag from /opt/airflow/dags/healthcare_claims_dag.py
[2025-03-23T13:40:38.995+0000] {processor.py:839} INFO - DAG(s) dict_keys(['healthcare_claims_pipeline']) retrieved from /opt/airflow/dags/healthcare_claims_dag.py
[2025-03-23T13:40:39.023+0000] {logging_mixin.py:151} INFO - [2025-03-23T13:40:39.022+0000] {dag.py:2915} INFO - Sync 1 DAGs
[2025-03-23T13:40:39.034+0000] {logging_mixin.py:151} INFO - [2025-03-23T13:40:39.034+0000] {dag.py:3696} INFO - Setting next_dagrun for healthcare_claims_pipeline to None, run_after=None
[2025-03-23T13:40:39.057+0000] {processor.py:179} INFO - Processing /opt/airflow/dags/healthcare_claims_dag.py took 0.354 seconds
[2025-03-23T13:41:09.240+0000] {processor.py:157} INFO - Started process (PID=1091) to work on /opt/airflow/dags/healthcare_claims_dag.py
[2025-03-23T13:41:09.241+0000] {processor.py:829} INFO - Processing file /opt/airflow/dags/healthcare_claims_dag.py for tasks to queue
[2025-03-23T13:41:09.242+0000] {logging_mixin.py:151} INFO - [2025-03-23T13:41:09.241+0000] {dagbag.py:539} INFO - Filling up the DagBag from /opt/airflow/dags/healthcare_claims_dag.py
[2025-03-23T13:41:09.513+0000] {processor.py:839} INFO - DAG(s) dict_keys(['healthcare_claims_pipeline']) retrieved from /opt/airflow/dags/healthcare_claims_dag.py
[2025-03-23T13:41:09.542+0000] {logging_mixin.py:151} INFO - [2025-03-23T13:41:09.542+0000] {dag.py:2915} INFO - Sync 1 DAGs
[2025-03-23T13:41:09.554+0000] {logging_mixin.py:151} INFO - [2025-03-23T13:41:09.554+0000] {dag.py:3696} INFO - Setting next_dagrun for healthcare_claims_pipeline to None, run_after=None
[2025-03-23T13:41:09.577+0000] {processor.py:179} INFO - Processing /opt/airflow/dags/healthcare_claims_dag.py took 0.340 seconds
[2025-03-23T13:41:39.759+0000] {processor.py:157} INFO - Started process (PID=1113) to work on /opt/airflow/dags/healthcare_claims_dag.py
[2025-03-23T13:41:39.762+0000] {processor.py:829} INFO - Processing file /opt/airflow/dags/healthcare_claims_dag.py for tasks to queue
[2025-03-23T13:41:39.763+0000] {logging_mixin.py:151} INFO - [2025-03-23T13:41:39.762+0000] {dagbag.py:539} INFO - Filling up the DagBag from /opt/airflow/dags/healthcare_claims_dag.py
[2025-03-23T13:41:40.065+0000] {processor.py:839} INFO - DAG(s) dict_keys(['healthcare_claims_pipeline']) retrieved from /opt/airflow/dags/healthcare_claims_dag.py
[2025-03-23T13:41:40.097+0000] {logging_mixin.py:151} INFO - [2025-03-23T13:41:40.096+0000] {dag.py:2915} INFO - Sync 1 DAGs
[2025-03-23T13:41:40.110+0000] {logging_mixin.py:151} INFO - [2025-03-23T13:41:40.109+0000] {dag.py:3696} INFO - Setting next_dagrun for healthcare_claims_pipeline to None, run_after=None
[2025-03-23T13:41:40.133+0000] {processor.py:179} INFO - Processing /opt/airflow/dags/healthcare_claims_dag.py took 0.377 seconds
[2025-03-23T13:42:10.311+0000] {processor.py:157} INFO - Started process (PID=1144) to work on /opt/airflow/dags/healthcare_claims_dag.py
[2025-03-23T13:42:10.312+0000] {processor.py:829} INFO - Processing file /opt/airflow/dags/healthcare_claims_dag.py for tasks to queue
[2025-03-23T13:42:10.313+0000] {logging_mixin.py:151} INFO - [2025-03-23T13:42:10.312+0000] {dagbag.py:539} INFO - Filling up the DagBag from /opt/airflow/dags/healthcare_claims_dag.py
[2025-03-23T13:42:10.619+0000] {processor.py:839} INFO - DAG(s) dict_keys(['healthcare_claims_pipeline']) retrieved from /opt/airflow/dags/healthcare_claims_dag.py
[2025-03-23T13:42:10.648+0000] {logging_mixin.py:151} INFO - [2025-03-23T13:42:10.648+0000] {dag.py:2915} INFO - Sync 1 DAGs
[2025-03-23T13:42:10.661+0000] {logging_mixin.py:151} INFO - [2025-03-23T13:42:10.661+0000] {dag.py:3696} INFO - Setting next_dagrun for healthcare_claims_pipeline to None, run_after=None
[2025-03-23T13:42:10.687+0000] {processor.py:179} INFO - Processing /opt/airflow/dags/healthcare_claims_dag.py took 0.379 seconds
[2025-03-23T13:42:40.863+0000] {processor.py:157} INFO - Started process (PID=1174) to work on /opt/airflow/dags/healthcare_claims_dag.py
[2025-03-23T13:42:40.864+0000] {processor.py:829} INFO - Processing file /opt/airflow/dags/healthcare_claims_dag.py for tasks to queue
[2025-03-23T13:42:40.865+0000] {logging_mixin.py:151} INFO - [2025-03-23T13:42:40.865+0000] {dagbag.py:539} INFO - Filling up the DagBag from /opt/airflow/dags/healthcare_claims_dag.py
[2025-03-23T13:42:41.155+0000] {processor.py:839} INFO - DAG(s) dict_keys(['healthcare_claims_pipeline']) retrieved from /opt/airflow/dags/healthcare_claims_dag.py
[2025-03-23T13:42:41.393+0000] {logging_mixin.py:151} INFO - [2025-03-23T13:42:41.392+0000] {dag.py:2915} INFO - Sync 1 DAGs
[2025-03-23T13:42:41.461+0000] {logging_mixin.py:151} INFO - [2025-03-23T13:42:41.461+0000] {dag.py:3696} INFO - Setting next_dagrun for healthcare_claims_pipeline to None, run_after=None
[2025-03-23T13:42:41.525+0000] {processor.py:179} INFO - Processing /opt/airflow/dags/healthcare_claims_dag.py took 0.664 seconds
[2025-03-23T13:43:11.634+0000] {processor.py:157} INFO - Started process (PID=1196) to work on /opt/airflow/dags/healthcare_claims_dag.py
[2025-03-23T13:43:11.635+0000] {processor.py:829} INFO - Processing file /opt/airflow/dags/healthcare_claims_dag.py for tasks to queue
[2025-03-23T13:43:11.635+0000] {logging_mixin.py:151} INFO - [2025-03-23T13:43:11.635+0000] {dagbag.py:539} INFO - Filling up the DagBag from /opt/airflow/dags/healthcare_claims_dag.py
[2025-03-23T13:43:11.946+0000] {processor.py:839} INFO - DAG(s) dict_keys(['healthcare_claims_pipeline']) retrieved from /opt/airflow/dags/healthcare_claims_dag.py
[2025-03-23T13:43:11.976+0000] {logging_mixin.py:151} INFO - [2025-03-23T13:43:11.975+0000] {dag.py:2915} INFO - Sync 1 DAGs
[2025-03-23T13:43:11.991+0000] {logging_mixin.py:151} INFO - [2025-03-23T13:43:11.991+0000] {dag.py:3696} INFO - Setting next_dagrun for healthcare_claims_pipeline to None, run_after=None
[2025-03-23T13:43:12.017+0000] {processor.py:179} INFO - Processing /opt/airflow/dags/healthcare_claims_dag.py took 0.386 seconds
[2025-03-23T13:43:42.189+0000] {processor.py:157} INFO - Started process (PID=1227) to work on /opt/airflow/dags/healthcare_claims_dag.py
[2025-03-23T13:43:42.190+0000] {processor.py:829} INFO - Processing file /opt/airflow/dags/healthcare_claims_dag.py for tasks to queue
[2025-03-23T13:43:42.191+0000] {logging_mixin.py:151} INFO - [2025-03-23T13:43:42.190+0000] {dagbag.py:539} INFO - Filling up the DagBag from /opt/airflow/dags/healthcare_claims_dag.py
[2025-03-23T13:43:42.764+0000] {processor.py:839} INFO - DAG(s) dict_keys(['healthcare_claims_pipeline']) retrieved from /opt/airflow/dags/healthcare_claims_dag.py
[2025-03-23T13:43:42.842+0000] {logging_mixin.py:151} INFO - [2025-03-23T13:43:42.841+0000] {dag.py:2915} INFO - Sync 1 DAGs
[2025-03-23T13:43:42.855+0000] {logging_mixin.py:151} INFO - [2025-03-23T13:43:42.855+0000] {dag.py:3696} INFO - Setting next_dagrun for healthcare_claims_pipeline to None, run_after=None
[2025-03-23T13:43:42.879+0000] {processor.py:179} INFO - Processing /opt/airflow/dags/healthcare_claims_dag.py took 0.693 seconds
[2025-03-23T13:44:13.017+0000] {processor.py:157} INFO - Started process (PID=1249) to work on /opt/airflow/dags/healthcare_claims_dag.py
[2025-03-23T13:44:13.017+0000] {processor.py:829} INFO - Processing file /opt/airflow/dags/healthcare_claims_dag.py for tasks to queue
[2025-03-23T13:44:13.018+0000] {logging_mixin.py:151} INFO - [2025-03-23T13:44:13.018+0000] {dagbag.py:539} INFO - Filling up the DagBag from /opt/airflow/dags/healthcare_claims_dag.py
[2025-03-23T13:44:13.295+0000] {processor.py:839} INFO - DAG(s) dict_keys(['healthcare_claims_pipeline']) retrieved from /opt/airflow/dags/healthcare_claims_dag.py
[2025-03-23T13:44:13.321+0000] {logging_mixin.py:151} INFO - [2025-03-23T13:44:13.321+0000] {dag.py:2915} INFO - Sync 1 DAGs
[2025-03-23T13:44:13.333+0000] {logging_mixin.py:151} INFO - [2025-03-23T13:44:13.333+0000] {dag.py:3696} INFO - Setting next_dagrun for healthcare_claims_pipeline to None, run_after=None
[2025-03-23T13:44:13.357+0000] {processor.py:179} INFO - Processing /opt/airflow/dags/healthcare_claims_dag.py took 0.342 seconds
[2025-03-23T13:44:43.522+0000] {processor.py:157} INFO - Started process (PID=1279) to work on /opt/airflow/dags/healthcare_claims_dag.py
[2025-03-23T13:44:43.523+0000] {processor.py:829} INFO - Processing file /opt/airflow/dags/healthcare_claims_dag.py for tasks to queue
[2025-03-23T13:44:43.524+0000] {logging_mixin.py:151} INFO - [2025-03-23T13:44:43.524+0000] {dagbag.py:539} INFO - Filling up the DagBag from /opt/airflow/dags/healthcare_claims_dag.py
[2025-03-23T13:44:43.826+0000] {processor.py:839} INFO - DAG(s) dict_keys(['healthcare_claims_pipeline']) retrieved from /opt/airflow/dags/healthcare_claims_dag.py
[2025-03-23T13:44:43.858+0000] {logging_mixin.py:151} INFO - [2025-03-23T13:44:43.857+0000] {dag.py:2915} INFO - Sync 1 DAGs
[2025-03-23T13:44:43.871+0000] {logging_mixin.py:151} INFO - [2025-03-23T13:44:43.871+0000] {dag.py:3696} INFO - Setting next_dagrun for healthcare_claims_pipeline to None, run_after=None
[2025-03-23T13:44:43.897+0000] {processor.py:179} INFO - Processing /opt/airflow/dags/healthcare_claims_dag.py took 0.378 seconds
[2025-03-23T13:45:14.070+0000] {processor.py:157} INFO - Started process (PID=1301) to work on /opt/airflow/dags/healthcare_claims_dag.py
[2025-03-23T13:45:14.072+0000] {processor.py:829} INFO - Processing file /opt/airflow/dags/healthcare_claims_dag.py for tasks to queue
[2025-03-23T13:45:14.074+0000] {logging_mixin.py:151} INFO - [2025-03-23T13:45:14.073+0000] {dagbag.py:539} INFO - Filling up the DagBag from /opt/airflow/dags/healthcare_claims_dag.py
[2025-03-23T13:45:14.344+0000] {processor.py:839} INFO - DAG(s) dict_keys(['healthcare_claims_pipeline']) retrieved from /opt/airflow/dags/healthcare_claims_dag.py
[2025-03-23T13:45:14.371+0000] {logging_mixin.py:151} INFO - [2025-03-23T13:45:14.370+0000] {dag.py:2915} INFO - Sync 1 DAGs
[2025-03-23T13:45:14.382+0000] {logging_mixin.py:151} INFO - [2025-03-23T13:45:14.382+0000] {dag.py:3696} INFO - Setting next_dagrun for healthcare_claims_pipeline to None, run_after=None
[2025-03-23T13:45:14.407+0000] {processor.py:179} INFO - Processing /opt/airflow/dags/healthcare_claims_dag.py took 0.339 seconds
[2025-03-23T13:45:44.588+0000] {processor.py:157} INFO - Started process (PID=1331) to work on /opt/airflow/dags/healthcare_claims_dag.py
[2025-03-23T13:45:44.590+0000] {processor.py:829} INFO - Processing file /opt/airflow/dags/healthcare_claims_dag.py for tasks to queue
[2025-03-23T13:45:44.591+0000] {logging_mixin.py:151} INFO - [2025-03-23T13:45:44.591+0000] {dagbag.py:539} INFO - Filling up the DagBag from /opt/airflow/dags/healthcare_claims_dag.py
[2025-03-23T13:45:44.878+0000] {processor.py:839} INFO - DAG(s) dict_keys(['healthcare_claims_pipeline']) retrieved from /opt/airflow/dags/healthcare_claims_dag.py
[2025-03-23T13:45:44.904+0000] {logging_mixin.py:151} INFO - [2025-03-23T13:45:44.904+0000] {dag.py:2915} INFO - Sync 1 DAGs
[2025-03-23T13:45:44.917+0000] {logging_mixin.py:151} INFO - [2025-03-23T13:45:44.917+0000] {dag.py:3696} INFO - Setting next_dagrun for healthcare_claims_pipeline to None, run_after=None
[2025-03-23T13:45:44.939+0000] {processor.py:179} INFO - Processing /opt/airflow/dags/healthcare_claims_dag.py took 0.354 seconds
[2025-03-23T13:46:15.114+0000] {processor.py:157} INFO - Started process (PID=1353) to work on /opt/airflow/dags/healthcare_claims_dag.py
[2025-03-23T13:46:15.115+0000] {processor.py:829} INFO - Processing file /opt/airflow/dags/healthcare_claims_dag.py for tasks to queue
[2025-03-23T13:46:15.116+0000] {logging_mixin.py:151} INFO - [2025-03-23T13:46:15.115+0000] {dagbag.py:539} INFO - Filling up the DagBag from /opt/airflow/dags/healthcare_claims_dag.py
[2025-03-23T13:46:15.412+0000] {processor.py:839} INFO - DAG(s) dict_keys(['healthcare_claims_pipeline']) retrieved from /opt/airflow/dags/healthcare_claims_dag.py
[2025-03-23T13:46:15.439+0000] {logging_mixin.py:151} INFO - [2025-03-23T13:46:15.438+0000] {dag.py:2915} INFO - Sync 1 DAGs
[2025-03-23T13:46:15.450+0000] {logging_mixin.py:151} INFO - [2025-03-23T13:46:15.450+0000] {dag.py:3696} INFO - Setting next_dagrun for healthcare_claims_pipeline to None, run_after=None
[2025-03-23T13:46:15.474+0000] {processor.py:179} INFO - Processing /opt/airflow/dags/healthcare_claims_dag.py took 0.363 seconds
[2025-03-23T13:46:45.640+0000] {processor.py:157} INFO - Started process (PID=1383) to work on /opt/airflow/dags/healthcare_claims_dag.py
[2025-03-23T13:46:45.641+0000] {processor.py:829} INFO - Processing file /opt/airflow/dags/healthcare_claims_dag.py for tasks to queue
[2025-03-23T13:46:45.642+0000] {logging_mixin.py:151} INFO - [2025-03-23T13:46:45.642+0000] {dagbag.py:539} INFO - Filling up the DagBag from /opt/airflow/dags/healthcare_claims_dag.py
[2025-03-23T13:46:45.930+0000] {processor.py:839} INFO - DAG(s) dict_keys(['healthcare_claims_pipeline']) retrieved from /opt/airflow/dags/healthcare_claims_dag.py
[2025-03-23T13:46:45.977+0000] {logging_mixin.py:151} INFO - [2025-03-23T13:46:45.976+0000] {dag.py:2915} INFO - Sync 1 DAGs
[2025-03-23T13:46:45.998+0000] {logging_mixin.py:151} INFO - [2025-03-23T13:46:45.998+0000] {dag.py:3696} INFO - Setting next_dagrun for healthcare_claims_pipeline to None, run_after=None
[2025-03-23T13:46:46.028+0000] {processor.py:179} INFO - Processing /opt/airflow/dags/healthcare_claims_dag.py took 0.390 seconds
[2025-03-23T13:47:16.210+0000] {processor.py:157} INFO - Started process (PID=1405) to work on /opt/airflow/dags/healthcare_claims_dag.py
[2025-03-23T13:47:16.212+0000] {processor.py:829} INFO - Processing file /opt/airflow/dags/healthcare_claims_dag.py for tasks to queue
[2025-03-23T13:47:16.213+0000] {logging_mixin.py:151} INFO - [2025-03-23T13:47:16.212+0000] {dagbag.py:539} INFO - Filling up the DagBag from /opt/airflow/dags/healthcare_claims_dag.py
[2025-03-23T13:47:16.520+0000] {processor.py:839} INFO - DAG(s) dict_keys(['healthcare_claims_pipeline']) retrieved from /opt/airflow/dags/healthcare_claims_dag.py
[2025-03-23T13:47:16.548+0000] {logging_mixin.py:151} INFO - [2025-03-23T13:47:16.547+0000] {dag.py:2915} INFO - Sync 1 DAGs
[2025-03-23T13:47:16.560+0000] {logging_mixin.py:151} INFO - [2025-03-23T13:47:16.560+0000] {dag.py:3696} INFO - Setting next_dagrun for healthcare_claims_pipeline to None, run_after=None
[2025-03-23T13:47:16.585+0000] {processor.py:179} INFO - Processing /opt/airflow/dags/healthcare_claims_dag.py took 0.378 seconds
[2025-03-23T13:47:46.760+0000] {processor.py:157} INFO - Started process (PID=1435) to work on /opt/airflow/dags/healthcare_claims_dag.py
[2025-03-23T13:47:46.762+0000] {processor.py:829} INFO - Processing file /opt/airflow/dags/healthcare_claims_dag.py for tasks to queue
[2025-03-23T13:47:46.763+0000] {logging_mixin.py:151} INFO - [2025-03-23T13:47:46.762+0000] {dagbag.py:539} INFO - Filling up the DagBag from /opt/airflow/dags/healthcare_claims_dag.py
[2025-03-23T13:47:47.034+0000] {processor.py:839} INFO - DAG(s) dict_keys(['healthcare_claims_pipeline']) retrieved from /opt/airflow/dags/healthcare_claims_dag.py
[2025-03-23T13:47:47.060+0000] {logging_mixin.py:151} INFO - [2025-03-23T13:47:47.060+0000] {dag.py:2915} INFO - Sync 1 DAGs
[2025-03-23T13:47:47.074+0000] {logging_mixin.py:151} INFO - [2025-03-23T13:47:47.073+0000] {dag.py:3696} INFO - Setting next_dagrun for healthcare_claims_pipeline to None, run_after=None
[2025-03-23T13:47:47.098+0000] {processor.py:179} INFO - Processing /opt/airflow/dags/healthcare_claims_dag.py took 0.341 seconds
[2025-03-23T13:48:17.262+0000] {processor.py:157} INFO - Started process (PID=1466) to work on /opt/airflow/dags/healthcare_claims_dag.py
[2025-03-23T13:48:17.264+0000] {processor.py:829} INFO - Processing file /opt/airflow/dags/healthcare_claims_dag.py for tasks to queue
[2025-03-23T13:48:17.265+0000] {logging_mixin.py:151} INFO - [2025-03-23T13:48:17.265+0000] {dagbag.py:539} INFO - Filling up the DagBag from /opt/airflow/dags/healthcare_claims_dag.py
[2025-03-23T13:48:17.899+0000] {processor.py:839} INFO - DAG(s) dict_keys(['healthcare_claims_pipeline']) retrieved from /opt/airflow/dags/healthcare_claims_dag.py
[2025-03-23T13:48:17.966+0000] {logging_mixin.py:151} INFO - [2025-03-23T13:48:17.965+0000] {dag.py:2915} INFO - Sync 1 DAGs
[2025-03-23T13:48:17.981+0000] {logging_mixin.py:151} INFO - [2025-03-23T13:48:17.981+0000] {dag.py:3696} INFO - Setting next_dagrun for healthcare_claims_pipeline to None, run_after=None
[2025-03-23T13:48:18.002+0000] {processor.py:179} INFO - Processing /opt/airflow/dags/healthcare_claims_dag.py took 0.742 seconds
[2025-03-23T13:48:48.108+0000] {processor.py:157} INFO - Started process (PID=1488) to work on /opt/airflow/dags/healthcare_claims_dag.py
[2025-03-23T13:48:48.109+0000] {processor.py:829} INFO - Processing file /opt/airflow/dags/healthcare_claims_dag.py for tasks to queue
[2025-03-23T13:48:48.110+0000] {logging_mixin.py:151} INFO - [2025-03-23T13:48:48.110+0000] {dagbag.py:539} INFO - Filling up the DagBag from /opt/airflow/dags/healthcare_claims_dag.py
[2025-03-23T13:48:48.403+0000] {processor.py:839} INFO - DAG(s) dict_keys(['healthcare_claims_pipeline']) retrieved from /opt/airflow/dags/healthcare_claims_dag.py
[2025-03-23T13:48:48.430+0000] {logging_mixin.py:151} INFO - [2025-03-23T13:48:48.429+0000] {dag.py:2915} INFO - Sync 1 DAGs
[2025-03-23T13:48:48.443+0000] {logging_mixin.py:151} INFO - [2025-03-23T13:48:48.442+0000] {dag.py:3696} INFO - Setting next_dagrun for healthcare_claims_pipeline to None, run_after=None
[2025-03-23T13:48:48.467+0000] {processor.py:179} INFO - Processing /opt/airflow/dags/healthcare_claims_dag.py took 0.362 seconds
[2025-03-23T13:49:18.641+0000] {processor.py:157} INFO - Started process (PID=1519) to work on /opt/airflow/dags/healthcare_claims_dag.py
[2025-03-23T13:49:18.642+0000] {processor.py:829} INFO - Processing file /opt/airflow/dags/healthcare_claims_dag.py for tasks to queue
[2025-03-23T13:49:18.643+0000] {logging_mixin.py:151} INFO - [2025-03-23T13:49:18.643+0000] {dagbag.py:539} INFO - Filling up the DagBag from /opt/airflow/dags/healthcare_claims_dag.py
[2025-03-23T13:49:18.940+0000] {processor.py:839} INFO - DAG(s) dict_keys(['healthcare_claims_pipeline']) retrieved from /opt/airflow/dags/healthcare_claims_dag.py
[2025-03-23T13:49:18.967+0000] {logging_mixin.py:151} INFO - [2025-03-23T13:49:18.967+0000] {dag.py:2915} INFO - Sync 1 DAGs
[2025-03-23T13:49:18.980+0000] {logging_mixin.py:151} INFO - [2025-03-23T13:49:18.980+0000] {dag.py:3696} INFO - Setting next_dagrun for healthcare_claims_pipeline to None, run_after=None
[2025-03-23T13:49:19.006+0000] {processor.py:179} INFO - Processing /opt/airflow/dags/healthcare_claims_dag.py took 0.367 seconds
[2025-03-23T13:49:49.174+0000] {processor.py:157} INFO - Started process (PID=1541) to work on /opt/airflow/dags/healthcare_claims_dag.py
[2025-03-23T13:49:49.176+0000] {processor.py:829} INFO - Processing file /opt/airflow/dags/healthcare_claims_dag.py for tasks to queue
[2025-03-23T13:49:49.176+0000] {logging_mixin.py:151} INFO - [2025-03-23T13:49:49.176+0000] {dagbag.py:539} INFO - Filling up the DagBag from /opt/airflow/dags/healthcare_claims_dag.py
[2025-03-23T13:49:49.453+0000] {processor.py:839} INFO - DAG(s) dict_keys(['healthcare_claims_pipeline']) retrieved from /opt/airflow/dags/healthcare_claims_dag.py
[2025-03-23T13:49:49.480+0000] {logging_mixin.py:151} INFO - [2025-03-23T13:49:49.479+0000] {dag.py:2915} INFO - Sync 1 DAGs
[2025-03-23T13:49:49.493+0000] {logging_mixin.py:151} INFO - [2025-03-23T13:49:49.493+0000] {dag.py:3696} INFO - Setting next_dagrun for healthcare_claims_pipeline to None, run_after=None
[2025-03-23T13:49:49.515+0000] {processor.py:179} INFO - Processing /opt/airflow/dags/healthcare_claims_dag.py took 0.344 seconds
[2025-03-23T13:50:19.678+0000] {processor.py:157} INFO - Started process (PID=1571) to work on /opt/airflow/dags/healthcare_claims_dag.py
[2025-03-23T13:50:19.679+0000] {processor.py:829} INFO - Processing file /opt/airflow/dags/healthcare_claims_dag.py for tasks to queue
[2025-03-23T13:50:19.680+0000] {logging_mixin.py:151} INFO - [2025-03-23T13:50:19.680+0000] {dagbag.py:539} INFO - Filling up the DagBag from /opt/airflow/dags/healthcare_claims_dag.py
[2025-03-23T13:50:19.980+0000] {processor.py:839} INFO - DAG(s) dict_keys(['healthcare_claims_pipeline']) retrieved from /opt/airflow/dags/healthcare_claims_dag.py
[2025-03-23T13:50:20.007+0000] {logging_mixin.py:151} INFO - [2025-03-23T13:50:20.007+0000] {dag.py:2915} INFO - Sync 1 DAGs
[2025-03-23T13:50:20.020+0000] {logging_mixin.py:151} INFO - [2025-03-23T13:50:20.020+0000] {dag.py:3696} INFO - Setting next_dagrun for healthcare_claims_pipeline to None, run_after=None
[2025-03-23T13:50:20.045+0000] {processor.py:179} INFO - Processing /opt/airflow/dags/healthcare_claims_dag.py took 0.369 seconds
[2025-03-23T13:50:50.222+0000] {processor.py:157} INFO - Started process (PID=1593) to work on /opt/airflow/dags/healthcare_claims_dag.py
[2025-03-23T13:50:50.223+0000] {processor.py:829} INFO - Processing file /opt/airflow/dags/healthcare_claims_dag.py for tasks to queue
[2025-03-23T13:50:50.224+0000] {logging_mixin.py:151} INFO - [2025-03-23T13:50:50.224+0000] {dagbag.py:539} INFO - Filling up the DagBag from /opt/airflow/dags/healthcare_claims_dag.py
[2025-03-23T13:50:50.505+0000] {processor.py:839} INFO - DAG(s) dict_keys(['healthcare_claims_pipeline']) retrieved from /opt/airflow/dags/healthcare_claims_dag.py
[2025-03-23T13:50:50.534+0000] {logging_mixin.py:151} INFO - [2025-03-23T13:50:50.534+0000] {dag.py:2915} INFO - Sync 1 DAGs
[2025-03-23T13:50:50.548+0000] {logging_mixin.py:151} INFO - [2025-03-23T13:50:50.548+0000] {dag.py:3696} INFO - Setting next_dagrun for healthcare_claims_pipeline to None, run_after=None
[2025-03-23T13:50:50.576+0000] {processor.py:179} INFO - Processing /opt/airflow/dags/healthcare_claims_dag.py took 0.357 seconds
[2025-03-23T13:51:20.744+0000] {processor.py:157} INFO - Started process (PID=1623) to work on /opt/airflow/dags/healthcare_claims_dag.py
[2025-03-23T13:51:20.745+0000] {processor.py:829} INFO - Processing file /opt/airflow/dags/healthcare_claims_dag.py for tasks to queue
[2025-03-23T13:51:20.746+0000] {logging_mixin.py:151} INFO - [2025-03-23T13:51:20.746+0000] {dagbag.py:539} INFO - Filling up the DagBag from /opt/airflow/dags/healthcare_claims_dag.py
[2025-03-23T13:51:21.050+0000] {processor.py:839} INFO - DAG(s) dict_keys(['healthcare_claims_pipeline']) retrieved from /opt/airflow/dags/healthcare_claims_dag.py
[2025-03-23T13:51:21.077+0000] {logging_mixin.py:151} INFO - [2025-03-23T13:51:21.076+0000] {dag.py:2915} INFO - Sync 1 DAGs
[2025-03-23T13:51:21.088+0000] {logging_mixin.py:151} INFO - [2025-03-23T13:51:21.088+0000] {dag.py:3696} INFO - Setting next_dagrun for healthcare_claims_pipeline to None, run_after=None
[2025-03-23T13:51:21.112+0000] {processor.py:179} INFO - Processing /opt/airflow/dags/healthcare_claims_dag.py took 0.371 seconds
[2025-03-23T13:51:51.289+0000] {processor.py:157} INFO - Started process (PID=1645) to work on /opt/airflow/dags/healthcare_claims_dag.py
[2025-03-23T13:51:51.291+0000] {processor.py:829} INFO - Processing file /opt/airflow/dags/healthcare_claims_dag.py for tasks to queue
[2025-03-23T13:51:51.292+0000] {logging_mixin.py:151} INFO - [2025-03-23T13:51:51.291+0000] {dagbag.py:539} INFO - Filling up the DagBag from /opt/airflow/dags/healthcare_claims_dag.py
[2025-03-23T13:51:51.573+0000] {processor.py:839} INFO - DAG(s) dict_keys(['healthcare_claims_pipeline']) retrieved from /opt/airflow/dags/healthcare_claims_dag.py
[2025-03-23T13:51:51.601+0000] {logging_mixin.py:151} INFO - [2025-03-23T13:51:51.600+0000] {dag.py:2915} INFO - Sync 1 DAGs
[2025-03-23T13:51:51.613+0000] {logging_mixin.py:151} INFO - [2025-03-23T13:51:51.613+0000] {dag.py:3696} INFO - Setting next_dagrun for healthcare_claims_pipeline to None, run_after=None
[2025-03-23T13:51:51.640+0000] {processor.py:179} INFO - Processing /opt/airflow/dags/healthcare_claims_dag.py took 0.353 seconds
[2025-03-23T13:52:21.807+0000] {processor.py:157} INFO - Started process (PID=1675) to work on /opt/airflow/dags/healthcare_claims_dag.py
[2025-03-23T13:52:21.807+0000] {processor.py:829} INFO - Processing file /opt/airflow/dags/healthcare_claims_dag.py for tasks to queue
[2025-03-23T13:52:21.808+0000] {logging_mixin.py:151} INFO - [2025-03-23T13:52:21.808+0000] {dagbag.py:539} INFO - Filling up the DagBag from /opt/airflow/dags/healthcare_claims_dag.py
[2025-03-23T13:52:22.085+0000] {processor.py:839} INFO - DAG(s) dict_keys(['healthcare_claims_pipeline']) retrieved from /opt/airflow/dags/healthcare_claims_dag.py
[2025-03-23T13:52:22.111+0000] {logging_mixin.py:151} INFO - [2025-03-23T13:52:22.110+0000] {dag.py:2915} INFO - Sync 1 DAGs
[2025-03-23T13:52:22.123+0000] {logging_mixin.py:151} INFO - [2025-03-23T13:52:22.123+0000] {dag.py:3696} INFO - Setting next_dagrun for healthcare_claims_pipeline to None, run_after=None
[2025-03-23T13:52:22.148+0000] {processor.py:179} INFO - Processing /opt/airflow/dags/healthcare_claims_dag.py took 0.343 seconds
[2025-03-23T13:52:52.315+0000] {processor.py:157} INFO - Started process (PID=1705) to work on /opt/airflow/dags/healthcare_claims_dag.py
[2025-03-23T13:52:52.316+0000] {processor.py:829} INFO - Processing file /opt/airflow/dags/healthcare_claims_dag.py for tasks to queue
[2025-03-23T13:52:52.316+0000] {logging_mixin.py:151} INFO - [2025-03-23T13:52:52.316+0000] {dagbag.py:539} INFO - Filling up the DagBag from /opt/airflow/dags/healthcare_claims_dag.py
[2025-03-23T13:52:53.042+0000] {processor.py:839} INFO - DAG(s) dict_keys(['healthcare_claims_pipeline']) retrieved from /opt/airflow/dags/healthcare_claims_dag.py
[2025-03-23T13:52:53.261+0000] {logging_mixin.py:151} INFO - [2025-03-23T13:52:53.260+0000] {dag.py:2915} INFO - Sync 1 DAGs
[2025-03-23T13:52:53.393+0000] {logging_mixin.py:151} INFO - [2025-03-23T13:52:53.392+0000] {dag.py:3696} INFO - Setting next_dagrun for healthcare_claims_pipeline to None, run_after=None
[2025-03-23T13:52:53.519+0000] {processor.py:179} INFO - Processing /opt/airflow/dags/healthcare_claims_dag.py took 1.207 seconds
[2025-03-23T13:53:23.704+0000] {processor.py:157} INFO - Started process (PID=1728) to work on /opt/airflow/dags/healthcare_claims_dag.py
[2025-03-23T13:53:23.705+0000] {processor.py:829} INFO - Processing file /opt/airflow/dags/healthcare_claims_dag.py for tasks to queue
[2025-03-23T13:53:23.706+0000] {logging_mixin.py:151} INFO - [2025-03-23T13:53:23.706+0000] {dagbag.py:539} INFO - Filling up the DagBag from /opt/airflow/dags/healthcare_claims_dag.py
[2025-03-23T13:53:24.126+0000] {processor.py:839} INFO - DAG(s) dict_keys(['healthcare_claims_pipeline']) retrieved from /opt/airflow/dags/healthcare_claims_dag.py
[2025-03-23T13:53:24.155+0000] {logging_mixin.py:151} INFO - [2025-03-23T13:53:24.154+0000] {dag.py:2915} INFO - Sync 1 DAGs
[2025-03-23T13:53:24.181+0000] {logging_mixin.py:151} INFO - [2025-03-23T13:53:24.181+0000] {dag.py:3696} INFO - Setting next_dagrun for healthcare_claims_pipeline to None, run_after=None
[2025-03-23T13:53:24.203+0000] {processor.py:179} INFO - Processing /opt/airflow/dags/healthcare_claims_dag.py took 0.502 seconds
[2025-03-23T13:53:54.405+0000] {processor.py:157} INFO - Started process (PID=1750) to work on /opt/airflow/dags/healthcare_claims_dag.py
[2025-03-23T13:53:54.405+0000] {processor.py:829} INFO - Processing file /opt/airflow/dags/healthcare_claims_dag.py for tasks to queue
[2025-03-23T13:53:54.406+0000] {logging_mixin.py:151} INFO - [2025-03-23T13:53:54.406+0000] {dagbag.py:539} INFO - Filling up the DagBag from /opt/airflow/dags/healthcare_claims_dag.py
[2025-03-23T13:53:54.826+0000] {processor.py:839} INFO - DAG(s) dict_keys(['healthcare_claims_pipeline']) retrieved from /opt/airflow/dags/healthcare_claims_dag.py
[2025-03-23T13:53:54.894+0000] {logging_mixin.py:151} INFO - [2025-03-23T13:53:54.893+0000] {dag.py:2915} INFO - Sync 1 DAGs
[2025-03-23T13:53:54.928+0000] {logging_mixin.py:151} INFO - [2025-03-23T13:53:54.928+0000] {dag.py:3696} INFO - Setting next_dagrun for healthcare_claims_pipeline to None, run_after=None
[2025-03-23T13:53:54.964+0000] {processor.py:179} INFO - Processing /opt/airflow/dags/healthcare_claims_dag.py took 0.562 seconds
[2025-03-23T13:54:25.043+0000] {processor.py:157} INFO - Started process (PID=1780) to work on /opt/airflow/dags/healthcare_claims_dag.py
[2025-03-23T13:54:25.044+0000] {processor.py:829} INFO - Processing file /opt/airflow/dags/healthcare_claims_dag.py for tasks to queue
[2025-03-23T13:54:25.046+0000] {logging_mixin.py:151} INFO - [2025-03-23T13:54:25.045+0000] {dagbag.py:539} INFO - Filling up the DagBag from /opt/airflow/dags/healthcare_claims_dag.py
[2025-03-23T13:54:25.795+0000] {processor.py:839} INFO - DAG(s) dict_keys(['healthcare_claims_pipeline']) retrieved from /opt/airflow/dags/healthcare_claims_dag.py
[2025-03-23T13:54:25.951+0000] {logging_mixin.py:151} INFO - [2025-03-23T13:54:25.950+0000] {dag.py:2915} INFO - Sync 1 DAGs
[2025-03-23T13:54:26.013+0000] {logging_mixin.py:151} INFO - [2025-03-23T13:54:26.013+0000] {dag.py:3696} INFO - Setting next_dagrun for healthcare_claims_pipeline to None, run_after=None
[2025-03-23T13:54:26.057+0000] {processor.py:179} INFO - Processing /opt/airflow/dags/healthcare_claims_dag.py took 1.035 seconds
