[2025-03-23T13:25:18.122+0000] {manager.py:487} INFO - Processing files using up to 2 processes at a time 
[2025-03-23T13:25:18.122+0000] {manager.py:488} INFO - Process each file at most once every 30 seconds
[2025-03-23T13:25:18.123+0000] {manager.py:489} INFO - Checking for new files in /opt/airflow/dags every 300 seconds
[2025-03-23T13:25:18.123+0000] {manager.py:759} INFO - Searching for files in /opt/airflow/dags
[2025-03-23T13:25:18.125+0000] {manager.py:762} INFO - There are 1 files in /opt/airflow/dags
[2025-03-23T13:25:18.310+0000] {manager.py:893} INFO - 
================================================================================
DAG File Processing Stats

File Path                                     PID  Runtime      # DAGs    # Errors  Last Runtime    Last Run
------------------------------------------  -----  ---------  --------  ----------  --------------  ----------
/opt/airflow/dags/healthcare_claims_dag.py    188  0.05s             0           0
================================================================================
[2025-03-23T13:25:48.478+0000] {manager.py:893} INFO - 
================================================================================
DAG File Processing Stats

File Path                                   PID    Runtime      # DAGs    # Errors  Last Runtime    Last Run
------------------------------------------  -----  ---------  --------  ----------  --------------  -------------------
/opt/airflow/dags/healthcare_claims_dag.py                           1           0  1.40s           2025-03-23T13:25:19
================================================================================
[2025-03-23T13:26:18.629+0000] {manager.py:893} INFO - 
================================================================================
DAG File Processing Stats

File Path                                   PID    Runtime      # DAGs    # Errors  Last Runtime    Last Run
------------------------------------------  -----  ---------  --------  ----------  --------------  -------------------
/opt/airflow/dags/healthcare_claims_dag.py                           1           0  1.68s           2025-03-23T13:25:51
================================================================================
[2025-03-23T13:26:49.063+0000] {manager.py:893} INFO - 
================================================================================
DAG File Processing Stats

File Path                                   PID    Runtime      # DAGs    # Errors  Last Runtime    Last Run
------------------------------------------  -----  ---------  --------  ----------  --------------  -------------------
/opt/airflow/dags/healthcare_claims_dag.py                           1           0  0.62s           2025-03-23T13:26:22
================================================================================
[2025-03-23T13:27:19.101+0000] {manager.py:893} INFO - 
================================================================================
DAG File Processing Stats

File Path                                   PID    Runtime      # DAGs    # Errors  Last Runtime    Last Run
------------------------------------------  -----  ---------  --------  ----------  --------------  -------------------
/opt/airflow/dags/healthcare_claims_dag.py                           1           0  0.39s           2025-03-23T13:26:52
================================================================================
[2025-03-23T13:27:49.248+0000] {manager.py:893} INFO - 
================================================================================
DAG File Processing Stats

File Path                                   PID    Runtime      # DAGs    # Errors  Last Runtime    Last Run
------------------------------------------  -----  ---------  --------  ----------  --------------  -------------------
/opt/airflow/dags/healthcare_claims_dag.py                           1           0  0.41s           2025-03-23T13:27:23
================================================================================
[2025-03-23T13:28:19.811+0000] {manager.py:893} INFO - 
================================================================================
DAG File Processing Stats

File Path                                   PID    Runtime      # DAGs    # Errors  Last Runtime    Last Run
------------------------------------------  -----  ---------  --------  ----------  --------------  -------------------
/opt/airflow/dags/healthcare_claims_dag.py                           1           0  0.44s           2025-03-23T13:27:54
================================================================================
[2025-03-23T13:28:50.397+0000] {manager.py:893} INFO - 
================================================================================
DAG File Processing Stats

File Path                                   PID    Runtime      # DAGs    # Errors  Last Runtime    Last Run
------------------------------------------  -----  ---------  --------  ----------  --------------  -------------------
/opt/airflow/dags/healthcare_claims_dag.py                           1           0  0.37s           2025-03-23T13:28:24
================================================================================
[2025-03-23T13:29:20.921+0000] {manager.py:893} INFO - 
================================================================================
DAG File Processing Stats

File Path                                   PID    Runtime      # DAGs    # Errors  Last Runtime    Last Run
------------------------------------------  -----  ---------  --------  ----------  --------------  -------------------
/opt/airflow/dags/healthcare_claims_dag.py                           1           0  0.37s           2025-03-23T13:28:55
================================================================================
[2025-03-23T13:29:51.046+0000] {manager.py:893} INFO - 
================================================================================
DAG File Processing Stats

File Path                                   PID    Runtime      # DAGs    # Errors  Last Runtime    Last Run
------------------------------------------  -----  ---------  --------  ----------  --------------  -------------------
/opt/airflow/dags/healthcare_claims_dag.py                           1           0  0.62s           2025-03-23T13:29:25
================================================================================
[2025-03-23T13:30:18.570+0000] {manager.py:759} INFO - Searching for files in /opt/airflow/dags
[2025-03-23T13:30:18.571+0000] {manager.py:762} INFO - There are 1 files in /opt/airflow/dags
[2025-03-23T13:30:21.597+0000] {manager.py:893} INFO - 
================================================================================
DAG File Processing Stats

File Path                                   PID    Runtime      # DAGs    # Errors  Last Runtime    Last Run
------------------------------------------  -----  ---------  --------  ----------  --------------  -------------------
/opt/airflow/dags/healthcare_claims_dag.py                           1           0  0.40s           2025-03-23T13:29:56
================================================================================
[2025-03-23T13:30:51.765+0000] {manager.py:893} INFO - 
================================================================================
DAG File Processing Stats

File Path                                   PID    Runtime      # DAGs    # Errors  Last Runtime    Last Run
------------------------------------------  -----  ---------  --------  ----------  --------------  -------------------
/opt/airflow/dags/healthcare_claims_dag.py                           1           0  0.41s           2025-03-23T13:30:27
================================================================================
[2025-03-23T13:31:22.316+0000] {manager.py:893} INFO - 
================================================================================
DAG File Processing Stats

File Path                                   PID    Runtime      # DAGs    # Errors  Last Runtime    Last Run
------------------------------------------  -----  ---------  --------  ----------  --------------  -------------------
/opt/airflow/dags/healthcare_claims_dag.py                           1           0  0.38s           2025-03-23T13:30:57
================================================================================
[2025-03-23T13:31:52.362+0000] {manager.py:893} INFO - 
================================================================================
DAG File Processing Stats

File Path                                   PID    Runtime      # DAGs    # Errors  Last Runtime    Last Run
------------------------------------------  -----  ---------  --------  ----------  --------------  -------------------
/opt/airflow/dags/healthcare_claims_dag.py                           1           0  0.55s           2025-03-23T13:31:28
================================================================================
[2025-03-23T13:32:22.520+0000] {manager.py:893} INFO - 
================================================================================
DAG File Processing Stats

File Path                                   PID    Runtime      # DAGs    # Errors  Last Runtime    Last Run
------------------------------------------  -----  ---------  --------  ----------  --------------  -------------------
/opt/airflow/dags/healthcare_claims_dag.py                           1           0  0.43s           2025-03-23T13:31:58
================================================================================
[2025-03-23T13:32:52.596+0000] {manager.py:893} INFO - 
================================================================================
DAG File Processing Stats

File Path                                   PID    Runtime      # DAGs    # Errors  Last Runtime    Last Run
------------------------------------------  -----  ---------  --------  ----------  --------------  -------------------
/opt/airflow/dags/healthcare_claims_dag.py                           1           0  0.50s           2025-03-23T13:32:29
================================================================================
[2025-03-23T13:33:23.257+0000] {manager.py:893} INFO - 
================================================================================
DAG File Processing Stats

File Path                                   PID    Runtime      # DAGs    # Errors  Last Runtime    Last Run
------------------------------------------  -----  ---------  --------  ----------  --------------  -------------------
/opt/airflow/dags/healthcare_claims_dag.py                           1           0  0.58s           2025-03-23T13:33:00
================================================================================
[2025-03-23T13:33:53.468+0000] {manager.py:893} INFO - 
================================================================================
DAG File Processing Stats

File Path                                   PID    Runtime      # DAGs    # Errors  Last Runtime    Last Run
------------------------------------------  -----  ---------  --------  ----------  --------------  -------------------
/opt/airflow/dags/healthcare_claims_dag.py                           1           0  0.44s           2025-03-23T13:33:30
================================================================================
[2025-03-23T13:34:24.003+0000] {manager.py:893} INFO - 
================================================================================
DAG File Processing Stats

File Path                                   PID    Runtime      # DAGs    # Errors  Last Runtime    Last Run
------------------------------------------  -----  ---------  --------  ----------  --------------  -------------------
/opt/airflow/dags/healthcare_claims_dag.py                           1           0  0.42s           2025-03-23T13:34:01
================================================================================
[2025-03-23T13:34:54.014+0000] {manager.py:893} INFO - 
================================================================================
DAG File Processing Stats

File Path                                   PID    Runtime      # DAGs    # Errors  Last Runtime    Last Run
------------------------------------------  -----  ---------  --------  ----------  --------------  -------------------
/opt/airflow/dags/healthcare_claims_dag.py                           1           0  0.47s           2025-03-23T13:34:31
================================================================================
[2025-03-23T13:35:18.572+0000] {manager.py:759} INFO - Searching for files in /opt/airflow/dags
[2025-03-23T13:35:18.573+0000] {manager.py:762} INFO - There are 1 files in /opt/airflow/dags
[2025-03-23T13:35:24.170+0000] {manager.py:893} INFO - 
================================================================================
DAG File Processing Stats

File Path                                   PID    Runtime      # DAGs    # Errors  Last Runtime    Last Run
------------------------------------------  -----  ---------  --------  ----------  --------------  -------------------
/opt/airflow/dags/healthcare_claims_dag.py                           1           0  0.44s           2025-03-23T13:35:02
================================================================================
[2025-03-23T13:35:54.760+0000] {manager.py:893} INFO - 
================================================================================
DAG File Processing Stats

File Path                                   PID    Runtime      # DAGs    # Errors  Last Runtime    Last Run
------------------------------------------  -----  ---------  --------  ----------  --------------  -------------------
/opt/airflow/dags/healthcare_claims_dag.py                           1           0  0.40s           2025-03-23T13:35:33
================================================================================
[2025-03-23T13:36:25.296+0000] {manager.py:893} INFO - 
================================================================================
DAG File Processing Stats

File Path                                   PID    Runtime      # DAGs    # Errors  Last Runtime    Last Run
------------------------------------------  -----  ---------  --------  ----------  --------------  -------------------
/opt/airflow/dags/healthcare_claims_dag.py                           1           0  0.40s           2025-03-23T13:36:03
================================================================================
[2025-03-23T13:36:55.832+0000] {manager.py:893} INFO - 
================================================================================
DAG File Processing Stats

File Path                                   PID    Runtime      # DAGs    # Errors  Last Runtime    Last Run
------------------------------------------  -----  ---------  --------  ----------  --------------  -------------------
/opt/airflow/dags/healthcare_claims_dag.py                           1           0  0.47s           2025-03-23T13:36:34
================================================================================
[2025-03-23T13:37:25.866+0000] {manager.py:893} INFO - 
================================================================================
DAG File Processing Stats

File Path                                   PID    Runtime      # DAGs    # Errors  Last Runtime    Last Run
------------------------------------------  -----  ---------  --------  ----------  --------------  -------------------
/opt/airflow/dags/healthcare_claims_dag.py                           1           0  0.42s           2025-03-23T13:37:04
================================================================================
[2025-03-23T13:37:56.012+0000] {manager.py:893} INFO - 
================================================================================
DAG File Processing Stats

File Path                                   PID    Runtime      # DAGs    # Errors  Last Runtime    Last Run
------------------------------------------  -----  ---------  --------  ----------  --------------  -------------------
/opt/airflow/dags/healthcare_claims_dag.py                           1           0  0.45s           2025-03-23T13:37:35
================================================================================
[2025-03-23T13:38:26.162+0000] {manager.py:893} INFO - 
================================================================================
DAG File Processing Stats

File Path                                   PID    Runtime      # DAGs    # Errors  Last Runtime    Last Run
------------------------------------------  -----  ---------  --------  ----------  --------------  -------------------
/opt/airflow/dags/healthcare_claims_dag.py                           1           0  0.75s           2025-03-23T13:38:06
================================================================================
[2025-03-23T13:38:56.496+0000] {manager.py:893} INFO - 
================================================================================
DAG File Processing Stats

File Path                                   PID    Runtime      # DAGs    # Errors  Last Runtime    Last Run
------------------------------------------  -----  ---------  --------  ----------  --------------  -------------------
/opt/airflow/dags/healthcare_claims_dag.py                           1           0  0.50s           2025-03-23T13:38:36
================================================================================
[2025-03-23T13:39:26.559+0000] {manager.py:893} INFO - 
================================================================================
DAG File Processing Stats

File Path                                   PID    Runtime      # DAGs    # Errors  Last Runtime    Last Run
------------------------------------------  -----  ---------  --------  ----------  --------------  -------------------
/opt/airflow/dags/healthcare_claims_dag.py                           1           0  0.43s           2025-03-23T13:39:07
================================================================================
[2025-03-23T13:39:56.717+0000] {manager.py:893} INFO - 
================================================================================
DAG File Processing Stats

File Path                                   PID    Runtime      # DAGs    # Errors  Last Runtime    Last Run
------------------------------------------  -----  ---------  --------  ----------  --------------  -------------------
/opt/airflow/dags/healthcare_claims_dag.py                           1           0  0.39s           2025-03-23T13:39:38
================================================================================
[2025-03-23T13:40:18.586+0000] {manager.py:759} INFO - Searching for files in /opt/airflow/dags
[2025-03-23T13:40:18.588+0000] {manager.py:762} INFO - There are 1 files in /opt/airflow/dags
[2025-03-23T13:40:27.264+0000] {manager.py:893} INFO - 
================================================================================
DAG File Processing Stats

File Path                                   PID    Runtime      # DAGs    # Errors  Last Runtime    Last Run
------------------------------------------  -----  ---------  --------  ----------  --------------  -------------------
/opt/airflow/dags/healthcare_claims_dag.py                           1           0  0.37s           2025-03-23T13:40:08
================================================================================
[2025-03-23T13:40:57.793+0000] {manager.py:893} INFO - 
================================================================================
DAG File Processing Stats

File Path                                   PID    Runtime      # DAGs    # Errors  Last Runtime    Last Run
------------------------------------------  -----  ---------  --------  ----------  --------------  -------------------
/opt/airflow/dags/healthcare_claims_dag.py                           1           0  0.38s           2025-03-23T13:40:39
================================================================================
[2025-03-23T13:41:28.323+0000] {manager.py:893} INFO - 
================================================================================
DAG File Processing Stats

File Path                                   PID    Runtime      # DAGs    # Errors  Last Runtime    Last Run
------------------------------------------  -----  ---------  --------  ----------  --------------  -------------------
/opt/airflow/dags/healthcare_claims_dag.py                           1           0  0.36s           2025-03-23T13:41:09
================================================================================
[2025-03-23T13:41:58.841+0000] {manager.py:893} INFO - 
================================================================================
DAG File Processing Stats

File Path                                   PID    Runtime      # DAGs    # Errors  Last Runtime    Last Run
------------------------------------------  -----  ---------  --------  ----------  --------------  -------------------
/opt/airflow/dags/healthcare_claims_dag.py                           1           0  0.40s           2025-03-23T13:41:40
================================================================================
[2025-03-23T13:42:29.395+0000] {manager.py:893} INFO - 
================================================================================
DAG File Processing Stats

File Path                                   PID    Runtime      # DAGs    # Errors  Last Runtime    Last Run
------------------------------------------  -----  ---------  --------  ----------  --------------  -------------------
/opt/airflow/dags/healthcare_claims_dag.py                           1           0  0.40s           2025-03-23T13:42:10
================================================================================
[2025-03-23T13:42:59.549+0000] {manager.py:893} INFO - 
================================================================================
DAG File Processing Stats

File Path                                   PID    Runtime      # DAGs    # Errors  Last Runtime    Last Run
------------------------------------------  -----  ---------  --------  ----------  --------------  -------------------
/opt/airflow/dags/healthcare_claims_dag.py                           1           0  0.69s           2025-03-23T13:42:41
================================================================================
[2025-03-23T13:43:29.773+0000] {manager.py:893} INFO - 
================================================================================
DAG File Processing Stats

File Path                                   PID    Runtime      # DAGs    # Errors  Last Runtime    Last Run
------------------------------------------  -----  ---------  --------  ----------  --------------  -------------------
/opt/airflow/dags/healthcare_claims_dag.py                           1           0  0.41s           2025-03-23T13:43:12
================================================================================
[2025-03-23T13:43:59.930+0000] {manager.py:893} INFO - 
================================================================================
DAG File Processing Stats

File Path                                   PID    Runtime      # DAGs    # Errors  Last Runtime    Last Run
------------------------------------------  -----  ---------  --------  ----------  --------------  -------------------
/opt/airflow/dags/healthcare_claims_dag.py                           1           0  0.72s           2025-03-23T13:43:42
================================================================================
[2025-03-23T13:44:30.097+0000] {manager.py:893} INFO - 
================================================================================
DAG File Processing Stats

File Path                                   PID    Runtime      # DAGs    # Errors  Last Runtime    Last Run
------------------------------------------  -----  ---------  --------  ----------  --------------  -------------------
/opt/airflow/dags/healthcare_claims_dag.py                           1           0  0.37s           2025-03-23T13:44:13
================================================================================
[2025-03-23T13:45:00.599+0000] {manager.py:893} INFO - 
================================================================================
DAG File Processing Stats

File Path                                   PID    Runtime      # DAGs    # Errors  Last Runtime    Last Run
------------------------------------------  -----  ---------  --------  ----------  --------------  -------------------
/opt/airflow/dags/healthcare_claims_dag.py                           1           0  0.40s           2025-03-23T13:44:43
================================================================================
[2025-03-23T13:45:19.085+0000] {manager.py:759} INFO - Searching for files in /opt/airflow/dags
[2025-03-23T13:45:19.087+0000] {manager.py:762} INFO - There are 1 files in /opt/airflow/dags
[2025-03-23T13:45:31.162+0000] {manager.py:893} INFO - 
================================================================================
DAG File Processing Stats

File Path                                   PID    Runtime      # DAGs    # Errors  Last Runtime    Last Run
------------------------------------------  -----  ---------  --------  ----------  --------------  -------------------
/opt/airflow/dags/healthcare_claims_dag.py                           1           0  0.36s           2025-03-23T13:45:14
================================================================================
[2025-03-23T13:46:01.667+0000] {manager.py:893} INFO - 
================================================================================
DAG File Processing Stats

File Path                                   PID    Runtime      # DAGs    # Errors  Last Runtime    Last Run
------------------------------------------  -----  ---------  --------  ----------  --------------  -------------------
/opt/airflow/dags/healthcare_claims_dag.py                           1           0  0.38s           2025-03-23T13:45:44
================================================================================
[2025-03-23T13:46:32.188+0000] {manager.py:893} INFO - 
================================================================================
DAG File Processing Stats

File Path                                   PID    Runtime      # DAGs    # Errors  Last Runtime    Last Run
------------------------------------------  -----  ---------  --------  ----------  --------------  -------------------
/opt/airflow/dags/healthcare_claims_dag.py                           1           0  0.39s           2025-03-23T13:46:15
================================================================================
[2025-03-23T13:47:02.709+0000] {manager.py:893} INFO - 
================================================================================
DAG File Processing Stats

File Path                                   PID    Runtime      # DAGs    # Errors  Last Runtime    Last Run
------------------------------------------  -----  ---------  --------  ----------  --------------  -------------------
/opt/airflow/dags/healthcare_claims_dag.py                           1           0  0.42s           2025-03-23T13:46:46
================================================================================
[2025-03-23T13:47:33.283+0000] {manager.py:893} INFO - 
================================================================================
DAG File Processing Stats

File Path                                   PID    Runtime      # DAGs    # Errors  Last Runtime    Last Run
------------------------------------------  -----  ---------  --------  ----------  --------------  -------------------
/opt/airflow/dags/healthcare_claims_dag.py                           1           0  0.40s           2025-03-23T13:47:16
================================================================================
[2025-03-23T13:48:03.835+0000] {manager.py:893} INFO - 
================================================================================
DAG File Processing Stats

File Path                                   PID    Runtime      # DAGs    # Errors  Last Runtime    Last Run
------------------------------------------  -----  ---------  --------  ----------  --------------  -------------------
/opt/airflow/dags/healthcare_claims_dag.py                           1           0  0.36s           2025-03-23T13:47:47
================================================================================
[2025-03-23T13:48:34.014+0000] {manager.py:893} INFO - 
================================================================================
DAG File Processing Stats

File Path                                   PID    Runtime      # DAGs    # Errors  Last Runtime    Last Run
------------------------------------------  -----  ---------  --------  ----------  --------------  -------------------
/opt/airflow/dags/healthcare_claims_dag.py                           1           0  0.77s           2025-03-23T13:48:18
================================================================================
[2025-03-23T13:49:04.238+0000] {manager.py:893} INFO - 
================================================================================
DAG File Processing Stats

File Path                                   PID    Runtime      # DAGs    # Errors  Last Runtime    Last Run
------------------------------------------  -----  ---------  --------  ----------  --------------  -------------------
/opt/airflow/dags/healthcare_claims_dag.py                           1           0  0.38s           2025-03-23T13:48:48
================================================================================
